2014/11/02 12:39:53 [error] [php] Invalid argument supplied for foreach() (C:\xampp\htdocs\yii\framework\base\CModel.php:284)
Stack trace:
#0 C:\xampp\htdocs\yii\framework\web\helpers\CHtml.php(1414): UserLogins->isAttributeRequired()
#1 C:\xampp\htdocs\yii\framework\web\widgets\CActiveForm.php(597): activeLabelEx()
#2 C:\xampp\htdocs\my\protected\views\site\login.php(28): CActiveForm->labelEx()
#3 C:\xampp\htdocs\yii\framework\web\CBaseController.php(126): require()
#4 C:\xampp\htdocs\yii\framework\web\CBaseController.php(95): SiteController->renderInternal()
#5 C:\xampp\htdocs\yii\framework\web\CController.php(869): SiteController->renderFile()
#6 C:\xampp\htdocs\yii\framework\web\CController.php(782): SiteController->renderPartial()
#7 C:\xampp\htdocs\my\protected\controllers\SiteController.php(98): SiteController->render()
#8 C:\xampp\htdocs\yii\framework\web\actions\CInlineAction.php(49): SiteController->actionLogin()
#9 C:\xampp\htdocs\yii\framework\web\CController.php(308): CInlineAction->runWithParams()
#10 C:\xampp\htdocs\yii\framework\web\CController.php(286): SiteController->runAction()
#11 C:\xampp\htdocs\yii\framework\web\CController.php(265): SiteController->runActionWithFilters()
#12 C:\xampp\htdocs\yii\framework\web\CWebApplication.php(282): SiteController->run()
#13 C:\xampp\htdocs\yii\framework\web\CWebApplication.php(141): CWebApplication->runController()
#14 C:\xampp\htdocs\yii\framework\base\CApplication.php(180): CWebApplication->processRequest()
#15 C:\xampp\htdocs\my\index.php(13): CWebApplication->run()
REQUEST_URI=/my/index.php?r=site/login
in C:\xampp\htdocs\my\protected\views\site\login.php (28)
in C:\xampp\htdocs\my\protected\controllers\SiteController.php (98)
in C:\xampp\htdocs\my\index.php (13)
2014/11/02 12:41:00 [error] [php] Invalid argument supplied for foreach() (C:\xampp\htdocs\yii\framework\base\CModel.php:284)
Stack trace:
#0 C:\xampp\htdocs\yii\framework\web\helpers\CHtml.php(1414): UserLogins->isAttributeRequired()
#1 C:\xampp\htdocs\yii\framework\web\widgets\CActiveForm.php(597): activeLabelEx()
#2 C:\xampp\htdocs\my\protected\views\site\login.php(28): CActiveForm->labelEx()
#3 C:\xampp\htdocs\yii\framework\web\CBaseController.php(126): require()
#4 C:\xampp\htdocs\yii\framework\web\CBaseController.php(95): SiteController->renderInternal()
#5 C:\xampp\htdocs\yii\framework\web\CController.php(869): SiteController->renderFile()
#6 C:\xampp\htdocs\yii\framework\web\CController.php(782): SiteController->renderPartial()
#7 C:\xampp\htdocs\my\protected\controllers\SiteController.php(98): SiteController->render()
#8 C:\xampp\htdocs\yii\framework\web\actions\CInlineAction.php(49): SiteController->actionLogin()
#9 C:\xampp\htdocs\yii\framework\web\CController.php(308): CInlineAction->runWithParams()
#10 C:\xampp\htdocs\yii\framework\web\CController.php(286): SiteController->runAction()
#11 C:\xampp\htdocs\yii\framework\web\CController.php(265): SiteController->runActionWithFilters()
#12 C:\xampp\htdocs\yii\framework\web\CWebApplication.php(282): SiteController->run()
#13 C:\xampp\htdocs\yii\framework\web\CWebApplication.php(141): CWebApplication->runController()
#14 C:\xampp\htdocs\yii\framework\base\CApplication.php(180): CWebApplication->processRequest()
#15 C:\xampp\htdocs\my\index.php(13): CWebApplication->run()
REQUEST_URI=/my/index.php?r=site/login
in C:\xampp\htdocs\my\protected\views\site\login.php (28)
in C:\xampp\htdocs\my\protected\controllers\SiteController.php (98)
in C:\xampp\htdocs\my\index.php (13)
2014/11/02 12:41:05 [error] [php] Invalid argument supplied for foreach() (C:\xampp\htdocs\yii\framework\base\CModel.php:284)
Stack trace:
#0 C:\xampp\htdocs\yii\framework\web\helpers\CHtml.php(1414): UserLogins->isAttributeRequired()
#1 C:\xampp\htdocs\yii\framework\web\widgets\CActiveForm.php(597): activeLabelEx()
#2 C:\xampp\htdocs\my\protected\views\site\login.php(28): CActiveForm->labelEx()
#3 C:\xampp\htdocs\yii\framework\web\CBaseController.php(126): require()
#4 C:\xampp\htdocs\yii\framework\web\CBaseController.php(95): SiteController->renderInternal()
#5 C:\xampp\htdocs\yii\framework\web\CController.php(869): SiteController->renderFile()
#6 C:\xampp\htdocs\yii\framework\web\CController.php(782): SiteController->renderPartial()
#7 C:\xampp\htdocs\my\protected\controllers\SiteController.php(98): SiteController->render()
#8 C:\xampp\htdocs\yii\framework\web\actions\CInlineAction.php(49): SiteController->actionLogin()
#9 C:\xampp\htdocs\yii\framework\web\CController.php(308): CInlineAction->runWithParams()
#10 C:\xampp\htdocs\yii\framework\web\CController.php(286): SiteController->runAction()
#11 C:\xampp\htdocs\yii\framework\web\CController.php(265): SiteController->runActionWithFilters()
#12 C:\xampp\htdocs\yii\framework\web\CWebApplication.php(282): SiteController->run()
#13 C:\xampp\htdocs\yii\framework\web\CWebApplication.php(141): CWebApplication->runController()
#14 C:\xampp\htdocs\yii\framework\base\CApplication.php(180): CWebApplication->processRequest()
#15 C:\xampp\htdocs\my\index.php(13): CWebApplication->run()
REQUEST_URI=/my/index.php?r=site/login
in C:\xampp\htdocs\my\protected\views\site\login.php (28)
in C:\xampp\htdocs\my\protected\controllers\SiteController.php (98)
in C:\xampp\htdocs\my\index.php (13)
2014/11/02 12:42:27 [error] [exception.CException] exception 'CException' with message 'Property "Userlogin.username" is not defined.' in C:\xampp\htdocs\yii\framework\base\CComponent.php:130
Stack trace:
#0 C:\xampp\htdocs\yii\framework\db\ar\CActiveRecord.php(145): CComponent->__get('username')
#1 C:\xampp\htdocs\yii\framework\web\helpers\CHtml.php(2529): CActiveRecord->__get('username')
#2 C:\xampp\htdocs\yii\framework\web\helpers\CHtml.php(2252): CHtml::resolveValue(Object(Userlogin), 'username')
#3 C:\xampp\htdocs\yii\framework\web\helpers\CHtml.php(1434): CHtml::activeInputField('text', Object(Userlogin), 'username', Array)
#4 C:\xampp\htdocs\yii\framework\web\widgets\CActiveForm.php(725): CHtml::activeTextField(Object(Userlogin), 'username', Array)
#5 C:\xampp\htdocs\my\protected\views\site\login.php(29): CActiveForm->textField(Object(Userlogin), 'username')
#6 C:\xampp\htdocs\yii\framework\web\CBaseController.php(126): require('C:\\xampp\\htdocs...')
#7 C:\xampp\htdocs\yii\framework\web\CBaseController.php(95): CBaseController->renderInternal('C:\\xampp\\htdocs...', Array, true)
#8 C:\xampp\htdocs\yii\framework\web\CController.php(869): CBaseController->renderFile('C:\\xampp\\htdocs...', Array, true)
#9 C:\xampp\htdocs\yii\framework\web\CController.php(782): CController->renderPartial('login', Array, true)
#10 C:\xampp\htdocs\my\protected\controllers\SiteController.php(98): CController->render('login', Array)
#11 C:\xampp\htdocs\yii\framework\web\actions\CInlineAction.php(49): SiteController->actionLogin()
#12 C:\xampp\htdocs\yii\framework\web\CController.php(308): CInlineAction->runWithParams(Array)
#13 C:\xampp\htdocs\yii\framework\web\CController.php(286): CController->runAction(Object(CInlineAction))
#14 C:\xampp\htdocs\yii\framework\web\CController.php(265): CController->runActionWithFilters(Object(CInlineAction), Array)
#15 C:\xampp\htdocs\yii\framework\web\CWebApplication.php(282): CController->run('login')
#16 C:\xampp\htdocs\yii\framework\web\CWebApplication.php(141): CWebApplication->runController('site/login')
#17 C:\xampp\htdocs\yii\framework\base\CApplication.php(180): CWebApplication->processRequest()
#18 C:\xampp\htdocs\my\index.php(13): CApplication->run()
#19 {main}
REQUEST_URI=/my/index.php?r=site/login
HTTP_REFERER=http://localhost/my/index.php?r=site/login
---
2014/11/02 12:43:22 [error] [exception.CException] exception 'CException' with message 'Property "Userlogin.username" is not defined.' in C:\xampp\htdocs\yii\framework\base\CComponent.php:130
Stack trace:
#0 C:\xampp\htdocs\yii\framework\db\ar\CActiveRecord.php(145): CComponent->__get('username')
#1 C:\xampp\htdocs\yii\framework\web\helpers\CHtml.php(2529): CActiveRecord->__get('username')
#2 C:\xampp\htdocs\yii\framework\web\helpers\CHtml.php(2252): CHtml::resolveValue(Object(Userlogin), 'username')
#3 C:\xampp\htdocs\yii\framework\web\helpers\CHtml.php(1434): CHtml::activeInputField('text', Object(Userlogin), 'username', Array)
#4 C:\xampp\htdocs\yii\framework\web\widgets\CActiveForm.php(725): CHtml::activeTextField(Object(Userlogin), 'username', Array)
#5 C:\xampp\htdocs\my\protected\views\site\login.php(29): CActiveForm->textField(Object(Userlogin), 'username')
#6 C:\xampp\htdocs\yii\framework\web\CBaseController.php(126): require('C:\\xampp\\htdocs...')
#7 C:\xampp\htdocs\yii\framework\web\CBaseController.php(95): CBaseController->renderInternal('C:\\xampp\\htdocs...', Array, true)
#8 C:\xampp\htdocs\yii\framework\web\CController.php(869): CBaseController->renderFile('C:\\xampp\\htdocs...', Array, true)
#9 C:\xampp\htdocs\yii\framework\web\CController.php(782): CController->renderPartial('login', Array, true)
#10 C:\xampp\htdocs\my\protected\controllers\SiteController.php(98): CController->render('login', Array)
#11 C:\xampp\htdocs\yii\framework\web\actions\CInlineAction.php(49): SiteController->actionLogin()
#12 C:\xampp\htdocs\yii\framework\web\CController.php(308): CInlineAction->runWithParams(Array)
#13 C:\xampp\htdocs\yii\framework\web\CController.php(286): CController->runAction(Object(CInlineAction))
#14 C:\xampp\htdocs\yii\framework\web\CController.php(265): CController->runActionWithFilters(Object(CInlineAction), Array)
#15 C:\xampp\htdocs\yii\framework\web\CWebApplication.php(282): CController->run('login')
#16 C:\xampp\htdocs\yii\framework\web\CWebApplication.php(141): CWebApplication->runController('site/login')
#17 C:\xampp\htdocs\yii\framework\base\CApplication.php(180): CWebApplication->processRequest()
#18 C:\xampp\htdocs\my\index.php(13): CApplication->run()
#19 {main}
REQUEST_URI=/my/index.php?r=site/login
HTTP_REFERER=http://localhost/my/index.php?r=site/login
---
2014/11/02 12:43:25 [error] [exception.CException] exception 'CException' with message 'Property "Userlogin.username" is not defined.' in C:\xampp\htdocs\yii\framework\base\CComponent.php:130
Stack trace:
#0 C:\xampp\htdocs\yii\framework\db\ar\CActiveRecord.php(145): CComponent->__get('username')
#1 C:\xampp\htdocs\yii\framework\web\helpers\CHtml.php(2529): CActiveRecord->__get('username')
#2 C:\xampp\htdocs\yii\framework\web\helpers\CHtml.php(2252): CHtml::resolveValue(Object(Userlogin), 'username')
#3 C:\xampp\htdocs\yii\framework\web\helpers\CHtml.php(1434): CHtml::activeInputField('text', Object(Userlogin), 'username', Array)
#4 C:\xampp\htdocs\yii\framework\web\widgets\CActiveForm.php(725): CHtml::activeTextField(Object(Userlogin), 'username', Array)
#5 C:\xampp\htdocs\my\protected\views\site\login.php(29): CActiveForm->textField(Object(Userlogin), 'username')
#6 C:\xampp\htdocs\yii\framework\web\CBaseController.php(126): require('C:\\xampp\\htdocs...')
#7 C:\xampp\htdocs\yii\framework\web\CBaseController.php(95): CBaseController->renderInternal('C:\\xampp\\htdocs...', Array, true)
#8 C:\xampp\htdocs\yii\framework\web\CController.php(869): CBaseController->renderFile('C:\\xampp\\htdocs...', Array, true)
#9 C:\xampp\htdocs\yii\framework\web\CController.php(782): CController->renderPartial('login', Array, true)
#10 C:\xampp\htdocs\my\protected\controllers\SiteController.php(98): CController->render('login', Array)
#11 C:\xampp\htdocs\yii\framework\web\actions\CInlineAction.php(49): SiteController->actionLogin()
#12 C:\xampp\htdocs\yii\framework\web\CController.php(308): CInlineAction->runWithParams(Array)
#13 C:\xampp\htdocs\yii\framework\web\CController.php(286): CController->runAction(Object(CInlineAction))
#14 C:\xampp\htdocs\yii\framework\web\CController.php(265): CController->runActionWithFilters(Object(CInlineAction), Array)
#15 C:\xampp\htdocs\yii\framework\web\CWebApplication.php(282): CController->run('login')
#16 C:\xampp\htdocs\yii\framework\web\CWebApplication.php(141): CWebApplication->runController('site/login')
#17 C:\xampp\htdocs\yii\framework\base\CApplication.php(180): CWebApplication->processRequest()
#18 C:\xampp\htdocs\my\index.php(13): CApplication->run()
#19 {main}
REQUEST_URI=/my/index.php?r=site/login
HTTP_REFERER=http://localhost/my/index.php?r=site/login
---
2014/11/02 12:43:27 [error] [exception.CException] exception 'CException' with message 'Property "Userlogin.username" is not defined.' in C:\xampp\htdocs\yii\framework\base\CComponent.php:130
Stack trace:
#0 C:\xampp\htdocs\yii\framework\db\ar\CActiveRecord.php(145): CComponent->__get('username')
#1 C:\xampp\htdocs\yii\framework\web\helpers\CHtml.php(2529): CActiveRecord->__get('username')
#2 C:\xampp\htdocs\yii\framework\web\helpers\CHtml.php(2252): CHtml::resolveValue(Object(Userlogin), 'username')
#3 C:\xampp\htdocs\yii\framework\web\helpers\CHtml.php(1434): CHtml::activeInputField('text', Object(Userlogin), 'username', Array)
#4 C:\xampp\htdocs\yii\framework\web\widgets\CActiveForm.php(725): CHtml::activeTextField(Object(Userlogin), 'username', Array)
#5 C:\xampp\htdocs\my\protected\views\site\login.php(29): CActiveForm->textField(Object(Userlogin), 'username')
#6 C:\xampp\htdocs\yii\framework\web\CBaseController.php(126): require('C:\\xampp\\htdocs...')
#7 C:\xampp\htdocs\yii\framework\web\CBaseController.php(95): CBaseController->renderInternal('C:\\xampp\\htdocs...', Array, true)
#8 C:\xampp\htdocs\yii\framework\web\CController.php(869): CBaseController->renderFile('C:\\xampp\\htdocs...', Array, true)
#9 C:\xampp\htdocs\yii\framework\web\CController.php(782): CController->renderPartial('login', Array, true)
#10 C:\xampp\htdocs\my\protected\controllers\SiteController.php(98): CController->render('login', Array)
#11 C:\xampp\htdocs\yii\framework\web\actions\CInlineAction.php(49): SiteController->actionLogin()
#12 C:\xampp\htdocs\yii\framework\web\CController.php(308): CInlineAction->runWithParams(Array)
#13 C:\xampp\htdocs\yii\framework\web\CController.php(286): CController->runAction(Object(CInlineAction))
#14 C:\xampp\htdocs\yii\framework\web\CController.php(265): CController->runActionWithFilters(Object(CInlineAction), Array)
#15 C:\xampp\htdocs\yii\framework\web\CWebApplication.php(282): CController->run('login')
#16 C:\xampp\htdocs\yii\framework\web\CWebApplication.php(141): CWebApplication->runController('site/login')
#17 C:\xampp\htdocs\yii\framework\base\CApplication.php(180): CWebApplication->processRequest()
#18 C:\xampp\htdocs\my\index.php(13): CApplication->run()
#19 {main}
REQUEST_URI=/my/index.php?r=site/login
---
2014/11/02 12:44:13 [error] [exception.CException] exception 'CException' with message 'Property "Userlogin.password" is not defined.' in C:\xampp\htdocs\yii\framework\base\CComponent.php:130
Stack trace:
#0 C:\xampp\htdocs\yii\framework\db\ar\CActiveRecord.php(145): CComponent->__get('password')
#1 C:\xampp\htdocs\yii\framework\web\helpers\CHtml.php(2529): CActiveRecord->__get('password')
#2 C:\xampp\htdocs\yii\framework\web\helpers\CHtml.php(2252): CHtml::resolveValue(Object(Userlogin), 'password')
#3 C:\xampp\htdocs\yii\framework\web\helpers\CHtml.php(1628): CHtml::activeInputField('password', Object(Userlogin), 'password', Array)
#4 C:\xampp\htdocs\yii\framework\web\widgets\CActiveForm.php(771): CHtml::activePasswordField(Object(Userlogin), 'password', Array)
#5 C:\xampp\htdocs\my\protected\views\site\login.php(35): CActiveForm->passwordField(Object(Userlogin), 'password')
#6 C:\xampp\htdocs\yii\framework\web\CBaseController.php(126): require('C:\\xampp\\htdocs...')
#7 C:\xampp\htdocs\yii\framework\web\CBaseController.php(95): CBaseController->renderInternal('C:\\xampp\\htdocs...', Array, true)
#8 C:\xampp\htdocs\yii\framework\web\CController.php(869): CBaseController->renderFile('C:\\xampp\\htdocs...', Array, true)
#9 C:\xampp\htdocs\yii\framework\web\CController.php(782): CController->renderPartial('login', Array, true)
#10 C:\xampp\htdocs\my\protected\controllers\SiteController.php(98): CController->render('login', Array)
#11 C:\xampp\htdocs\yii\framework\web\actions\CInlineAction.php(49): SiteController->actionLogin()
#12 C:\xampp\htdocs\yii\framework\web\CController.php(308): CInlineAction->runWithParams(Array)
#13 C:\xampp\htdocs\yii\framework\web\CController.php(286): CController->runAction(Object(CInlineAction))
#14 C:\xampp\htdocs\yii\framework\web\CController.php(265): CController->runActionWithFilters(Object(CInlineAction), Array)
#15 C:\xampp\htdocs\yii\framework\web\CWebApplication.php(282): CController->run('login')
#16 C:\xampp\htdocs\yii\framework\web\CWebApplication.php(141): CWebApplication->runController('site/login')
#17 C:\xampp\htdocs\yii\framework\base\CApplication.php(180): CWebApplication->processRequest()
#18 C:\xampp\htdocs\my\index.php(13): CApplication->run()
#19 {main}
REQUEST_URI=/my/index.php?r=site/login
---
2014/11/02 12:44:31 [error] [exception.CException] exception 'CException' with message 'Property "Userlogin.rememberMe" is not defined.' in C:\xampp\htdocs\yii\framework\base\CComponent.php:130
Stack trace:
#0 C:\xampp\htdocs\yii\framework\db\ar\CActiveRecord.php(145): CComponent->__get('rememberMe')
#1 C:\xampp\htdocs\yii\framework\web\helpers\CHtml.php(2529): CActiveRecord->__get('rememberMe')
#2 C:\xampp\htdocs\yii\framework\web\helpers\CHtml.php(1743): CHtml::resolveValue(Object(Userlogin), 'rememberMe')
#3 C:\xampp\htdocs\yii\framework\web\widgets\CActiveForm.php(831): CHtml::activeCheckBox(Object(Userlogin), 'rememberMe', Array)
#4 C:\xampp\htdocs\my\protected\views\site\login.php(43): CActiveForm->checkBox(Object(Userlogin), 'rememberMe')
#5 C:\xampp\htdocs\yii\framework\web\CBaseController.php(126): require('C:\\xampp\\htdocs...')
#6 C:\xampp\htdocs\yii\framework\web\CBaseController.php(95): CBaseController->renderInternal('C:\\xampp\\htdocs...', Array, true)
#7 C:\xampp\htdocs\yii\framework\web\CController.php(869): CBaseController->renderFile('C:\\xampp\\htdocs...', Array, true)
#8 C:\xampp\htdocs\yii\framework\web\CController.php(782): CController->renderPartial('login', Array, true)
#9 C:\xampp\htdocs\my\protected\controllers\SiteController.php(98): CController->render('login', Array)
#10 C:\xampp\htdocs\yii\framework\web\actions\CInlineAction.php(49): SiteController->actionLogin()
#11 C:\xampp\htdocs\yii\framework\web\CController.php(308): CInlineAction->runWithParams(Array)
#12 C:\xampp\htdocs\yii\framework\web\CController.php(286): CController->runAction(Object(CInlineAction))
#13 C:\xampp\htdocs\yii\framework\web\CController.php(265): CController->runActionWithFilters(Object(CInlineAction), Array)
#14 C:\xampp\htdocs\yii\framework\web\CWebApplication.php(282): CController->run('login')
#15 C:\xampp\htdocs\yii\framework\web\CWebApplication.php(141): CWebApplication->runController('site/login')
#16 C:\xampp\htdocs\yii\framework\base\CApplication.php(180): CWebApplication->processRequest()
#17 C:\xampp\htdocs\my\index.php(13): CApplication->run()
#18 {main}
REQUEST_URI=/my/index.php?r=site/login
---
2014/11/02 14:15:12 [error] [php] Invalid argument supplied for foreach() (C:\xampp\htdocs\yii\framework\base\CModel.php:284)
Stack trace:
#0 C:\xampp\htdocs\yii\framework\web\helpers\CHtml.php(1414): UserLogins->isAttributeRequired()
#1 C:\xampp\htdocs\yii\framework\web\widgets\CActiveForm.php(597): activeLabelEx()
#2 C:\xampp\htdocs\my\protected\views\site\login.php(28): CActiveForm->labelEx()
#3 C:\xampp\htdocs\yii\framework\web\CBaseController.php(126): require()
#4 C:\xampp\htdocs\yii\framework\web\CBaseController.php(95): SiteController->renderInternal()
#5 C:\xampp\htdocs\yii\framework\web\CController.php(869): SiteController->renderFile()
#6 C:\xampp\htdocs\yii\framework\web\CController.php(782): SiteController->renderPartial()
#7 C:\xampp\htdocs\my\protected\controllers\SiteController.php(98): SiteController->render()
#8 C:\xampp\htdocs\yii\framework\web\actions\CInlineAction.php(49): SiteController->actionLogin()
#9 C:\xampp\htdocs\yii\framework\web\CController.php(308): CInlineAction->runWithParams()
#10 C:\xampp\htdocs\yii\framework\web\CController.php(286): SiteController->runAction()
#11 C:\xampp\htdocs\yii\framework\web\CController.php(265): SiteController->runActionWithFilters()
#12 C:\xampp\htdocs\yii\framework\web\CWebApplication.php(282): SiteController->run()
#13 C:\xampp\htdocs\yii\framework\web\CWebApplication.php(141): CWebApplication->runController()
#14 C:\xampp\htdocs\yii\framework\base\CApplication.php(180): CWebApplication->processRequest()
#15 C:\xampp\htdocs\my\index.php(13): CWebApplication->run()
REQUEST_URI=/my/index.php?r=site/login
in C:\xampp\htdocs\my\protected\views\site\login.php (28)
in C:\xampp\htdocs\my\protected\controllers\SiteController.php (98)
in C:\xampp\htdocs\my\index.php (13)
2014/11/02 14:24:53 [error] [php] Invalid argument supplied for foreach() (C:\xampp\htdocs\yii\framework\base\CModel.php:284)
Stack trace:
#0 C:\xampp\htdocs\yii\framework\web\helpers\CHtml.php(1414): UserLogins->isAttributeRequired()
#1 C:\xampp\htdocs\yii\framework\web\widgets\CActiveForm.php(597): activeLabelEx()
#2 C:\xampp\htdocs\my\protected\views\site\login.php(28): CActiveForm->labelEx()
#3 C:\xampp\htdocs\yii\framework\web\CBaseController.php(126): require()
#4 C:\xampp\htdocs\yii\framework\web\CBaseController.php(95): SiteController->renderInternal()
#5 C:\xampp\htdocs\yii\framework\web\CController.php(869): SiteController->renderFile()
#6 C:\xampp\htdocs\yii\framework\web\CController.php(782): SiteController->renderPartial()
#7 C:\xampp\htdocs\my\protected\controllers\SiteController.php(98): SiteController->render()
#8 C:\xampp\htdocs\yii\framework\web\actions\CInlineAction.php(49): SiteController->actionLogin()
#9 C:\xampp\htdocs\yii\framework\web\CController.php(308): CInlineAction->runWithParams()
#10 C:\xampp\htdocs\yii\framework\web\CController.php(286): SiteController->runAction()
#11 C:\xampp\htdocs\yii\framework\web\CController.php(265): SiteController->runActionWithFilters()
#12 C:\xampp\htdocs\yii\framework\web\CWebApplication.php(282): SiteController->run()
#13 C:\xampp\htdocs\yii\framework\web\CWebApplication.php(141): CWebApplication->runController()
#14 C:\xampp\htdocs\yii\framework\base\CApplication.php(180): CWebApplication->processRequest()
#15 C:\xampp\htdocs\my\index.php(13): CWebApplication->run()
REQUEST_URI=/my/index.php?r=site/login
in C:\xampp\htdocs\my\protected\views\site\login.php (28)
in C:\xampp\htdocs\my\protected\controllers\SiteController.php (98)
in C:\xampp\htdocs\my\index.php (13)
2014/11/02 16:18:14 [error] [php] Invalid argument supplied for foreach() (C:\xampp\htdocs\yii\framework\base\CModel.php:284)
Stack trace:
#0 C:\xampp\htdocs\yii\framework\web\helpers\CHtml.php(1414): UserLogins->isAttributeRequired()
#1 C:\xampp\htdocs\yii\framework\web\widgets\CActiveForm.php(597): activeLabelEx()
#2 C:\xampp\htdocs\my\protected\views\site\login.php(28): CActiveForm->labelEx()
#3 C:\xampp\htdocs\yii\framework\web\CBaseController.php(126): require()
#4 C:\xampp\htdocs\yii\framework\web\CBaseController.php(95): SiteController->renderInternal()
#5 C:\xampp\htdocs\yii\framework\web\CController.php(869): SiteController->renderFile()
#6 C:\xampp\htdocs\yii\framework\web\CController.php(782): SiteController->renderPartial()
#7 C:\xampp\htdocs\my\protected\controllers\SiteController.php(98): SiteController->render()
#8 C:\xampp\htdocs\yii\framework\web\actions\CInlineAction.php(49): SiteController->actionLogin()
#9 C:\xampp\htdocs\yii\framework\web\CController.php(308): CInlineAction->runWithParams()
#10 C:\xampp\htdocs\yii\framework\web\CController.php(286): SiteController->runAction()
#11 C:\xampp\htdocs\yii\framework\web\CController.php(265): SiteController->runActionWithFilters()
#12 C:\xampp\htdocs\yii\framework\web\CWebApplication.php(282): SiteController->run()
#13 C:\xampp\htdocs\yii\framework\web\CWebApplication.php(141): CWebApplication->runController()
#14 C:\xampp\htdocs\yii\framework\base\CApplication.php(180): CWebApplication->processRequest()
#15 C:\xampp\htdocs\my\index.php(13): CWebApplication->run()
REQUEST_URI=/my/index.php?r=site/login
in C:\xampp\htdocs\my\protected\views\site\login.php (28)
in C:\xampp\htdocs\my\protected\controllers\SiteController.php (98)
in C:\xampp\htdocs\my\index.php (13)
2014/11/19 13:20:03 [error] [php] include(authenticate.php): failed to open stream: No such file or directory (C:\xampp\htdocs\yii\framework\YiiBase.php:427)
Stack trace:
#0 C:\xampp\htdocs\yii\framework\validators\CValidator.php(186): import()
#1 C:\xampp\htdocs\yii\framework\base\CModel.php(287): createValidator()
#2 C:\xampp\htdocs\yii\framework\base\CModel.php(260): Userlogin->createValidators()
#3 C:\xampp\htdocs\yii\framework\base\CModel.php(304): Userlogin->getValidators()
#4 C:\xampp\htdocs\yii\framework\web\helpers\CHtml.php(1414): Userlogin->isAttributeRequired()
#5 C:\xampp\htdocs\yii\framework\web\widgets\CActiveForm.php(597): activeLabelEx()
#6 C:\xampp\htdocs\my\protected\views\site\login.php(28): CActiveForm->labelEx()
#7 C:\xampp\htdocs\yii\framework\web\CBaseController.php(126): require()
#8 C:\xampp\htdocs\yii\framework\web\CBaseController.php(95): SiteController->renderInternal()
#9 C:\xampp\htdocs\yii\framework\web\CController.php(869): SiteController->renderFile()
#10 C:\xampp\htdocs\yii\framework\web\CController.php(782): SiteController->renderPartial()
#11 C:\xampp\htdocs\my\protected\controllers\SiteController.php(99): SiteController->render()
#12 C:\xampp\htdocs\yii\framework\web\actions\CInlineAction.php(49): SiteController->actionLogin()
#13 C:\xampp\htdocs\yii\framework\web\CController.php(308): CInlineAction->runWithParams()
#14 C:\xampp\htdocs\yii\framework\web\CController.php(286): SiteController->runAction()
#15 C:\xampp\htdocs\yii\framework\web\CController.php(265): SiteController->runActionWithFilters()
#16 C:\xampp\htdocs\yii\framework\web\CWebApplication.php(282): SiteController->run()
#17 C:\xampp\htdocs\yii\framework\web\CWebApplication.php(141): CWebApplication->runController()
#18 C:\xampp\htdocs\yii\framework\base\CApplication.php(180): CWebApplication->processRequest()
#19 C:\xampp\htdocs\my\index.php(13): CWebApplication->run()
REQUEST_URI=/my/index.php?r=site/login
in C:\xampp\htdocs\my\protected\views\site\login.php (28)
in C:\xampp\htdocs\my\protected\controllers\SiteController.php (99)
in C:\xampp\htdocs\my\index.php (13)
2014/11/30 08:42:52 [error] [exception.CException] exception 'CException' with message 'Property "Userlogin.passwords" is not defined.' in C:\xampp\htdocs\yii\framework\base\CComponent.php:130
Stack trace:
#0 C:\xampp\htdocs\yii\framework\db\ar\CActiveRecord.php(145): CComponent->__get('passwords')
#1 C:\xampp\htdocs\yii\framework\web\helpers\CHtml.php(2529): CActiveRecord->__get('passwords')
#2 C:\xampp\htdocs\yii\framework\web\helpers\CHtml.php(2252): CHtml::resolveValue(Object(Userlogin), 'passwords')
#3 C:\xampp\htdocs\yii\framework\web\helpers\CHtml.php(1628): CHtml::activeInputField('password', Object(Userlogin), 'passwords', Array)
#4 C:\xampp\htdocs\yii\framework\web\widgets\CActiveForm.php(771): CHtml::activePasswordField(Object(Userlogin), 'passwords', Array)
#5 C:\xampp\htdocs\my\protected\views\site\login.php(35): CActiveForm->passwordField(Object(Userlogin), 'passwords')
#6 C:\xampp\htdocs\yii\framework\web\CBaseController.php(126): require('C:\\xampp\\htdocs...')
#7 C:\xampp\htdocs\yii\framework\web\CBaseController.php(95): CBaseController->renderInternal('C:\\xampp\\htdocs...', Array, true)
#8 C:\xampp\htdocs\yii\framework\web\CController.php(869): CBaseController->renderFile('C:\\xampp\\htdocs...', Array, true)
#9 C:\xampp\htdocs\yii\framework\web\CController.php(782): CController->renderPartial('login', Array, true)
#10 C:\xampp\htdocs\my\protected\controllers\SiteController.php(99): CController->render('login', Array)
#11 C:\xampp\htdocs\yii\framework\web\actions\CInlineAction.php(49): SiteController->actionLogin()
#12 C:\xampp\htdocs\yii\framework\web\CController.php(308): CInlineAction->runWithParams(Array)
#13 C:\xampp\htdocs\yii\framework\web\CController.php(286): CController->runAction(Object(CInlineAction))
#14 C:\xampp\htdocs\yii\framework\web\CController.php(265): CController->runActionWithFilters(Object(CInlineAction), Array)
#15 C:\xampp\htdocs\yii\framework\web\CWebApplication.php(282): CController->run('login')
#16 C:\xampp\htdocs\yii\framework\web\CWebApplication.php(141): CWebApplication->runController('site/login')
#17 C:\xampp\htdocs\yii\framework\base\CApplication.php(180): CWebApplication->processRequest()
#18 C:\xampp\htdocs\my\index.php(13): CApplication->run()
#19 {main}
REQUEST_URI=/my/index.php?r=site/login
HTTP_REFERER=http://localhost/my/index.php?r=site/login
---
2014/11/30 10:31:39 [error] [php] Undefined variable: user (C:\xampp\htdocs\my\protected\components\UserIdentity.php:21)
Stack trace:
#0 C:\xampp\htdocs\yii\framework\validators\CValidator.php(213): CInlineValidator->validateAttribute()
#1 C:\xampp\htdocs\yii\framework\base\CModel.php(159): CInlineValidator->validate()
#2 C:\xampp\htdocs\my\protected\controllers\SiteController.php(94): LoginForm->validate()
#3 C:\xampp\htdocs\yii\framework\web\actions\CInlineAction.php(49): SiteController->actionLogin()
#4 C:\xampp\htdocs\yii\framework\web\CController.php(308): CInlineAction->runWithParams()
#5 C:\xampp\htdocs\yii\framework\web\CController.php(286): SiteController->runAction()
#6 C:\xampp\htdocs\yii\framework\web\CController.php(265): SiteController->runActionWithFilters()
#7 C:\xampp\htdocs\yii\framework\web\CWebApplication.php(282): SiteController->run()
#8 C:\xampp\htdocs\yii\framework\web\CWebApplication.php(141): CWebApplication->runController()
#9 C:\xampp\htdocs\yii\framework\base\CApplication.php(180): CWebApplication->processRequest()
#10 C:\xampp\htdocs\my\index.php(13): CWebApplication->run()
REQUEST_URI=/my/index.php?r=site/login
in C:\xampp\htdocs\my\protected\components\UserIdentity.php (21)
in C:\xampp\htdocs\my\protected\models\LoginForm.php (54)
in C:\xampp\htdocs\my\protected\controllers\SiteController.php (94)
2014/11/30 10:32:42 [error] [exception.CException] exception 'CException' with message 'Property "UserIdentity._id" is not defined.' in C:\xampp\htdocs\yii\framework\base\CComponent.php:173
Stack trace:
#0 C:\xampp\htdocs\my\protected\components\UserIdentity.php(27): CComponent->__set('_id', '1')
#1 C:\xampp\htdocs\my\protected\models\LoginForm.php(54): UserIdentity->authenticate()
#2 C:\xampp\htdocs\yii\framework\validators\CInlineValidator.php(42): LoginForm->authenticate('password', Array)
#3 C:\xampp\htdocs\yii\framework\validators\CValidator.php(213): CInlineValidator->validateAttribute(Object(LoginForm), 'password')
#4 C:\xampp\htdocs\yii\framework\base\CModel.php(159): CValidator->validate(Object(LoginForm), NULL)
#5 C:\xampp\htdocs\my\protected\controllers\SiteController.php(94): CModel->validate()
#6 C:\xampp\htdocs\yii\framework\web\actions\CInlineAction.php(49): SiteController->actionLogin()
#7 C:\xampp\htdocs\yii\framework\web\CController.php(308): CInlineAction->runWithParams(Array)
#8 C:\xampp\htdocs\yii\framework\web\CController.php(286): CController->runAction(Object(CInlineAction))
#9 C:\xampp\htdocs\yii\framework\web\CController.php(265): CController->runActionWithFilters(Object(CInlineAction), Array)
#10 C:\xampp\htdocs\yii\framework\web\CWebApplication.php(282): CController->run('login')
#11 C:\xampp\htdocs\yii\framework\web\CWebApplication.php(141): CWebApplication->runController('site/login')
#12 C:\xampp\htdocs\yii\framework\base\CApplication.php(180): CWebApplication->processRequest()
#13 C:\xampp\htdocs\my\index.php(13): CApplication->run()
#14 {main}
REQUEST_URI=/my/index.php?r=site/login
HTTP_REFERER=http://localhost/my/index.php?r=site/login
---
2014/11/30 10:33:55 [error] [exception.CException] exception 'CException' with message 'Property "Userlogin.role" is not defined.' in C:\xampp\htdocs\yii\framework\base\CComponent.php:130
Stack trace:
#0 C:\xampp\htdocs\yii\framework\db\ar\CActiveRecord.php(145): CComponent->__get('role')
#1 C:\xampp\htdocs\my\protected\components\UserIdentity.php(30): CActiveRecord->__get('role')
#2 C:\xampp\htdocs\my\protected\models\LoginForm.php(54): UserIdentity->authenticate()
#3 C:\xampp\htdocs\yii\framework\validators\CInlineValidator.php(42): LoginForm->authenticate('password', Array)
#4 C:\xampp\htdocs\yii\framework\validators\CValidator.php(213): CInlineValidator->validateAttribute(Object(LoginForm), 'password')
#5 C:\xampp\htdocs\yii\framework\base\CModel.php(159): CValidator->validate(Object(LoginForm), NULL)
#6 C:\xampp\htdocs\my\protected\controllers\SiteController.php(94): CModel->validate()
#7 C:\xampp\htdocs\yii\framework\web\actions\CInlineAction.php(49): SiteController->actionLogin()
#8 C:\xampp\htdocs\yii\framework\web\CController.php(308): CInlineAction->runWithParams(Array)
#9 C:\xampp\htdocs\yii\framework\web\CController.php(286): CController->runAction(Object(CInlineAction))
#10 C:\xampp\htdocs\yii\framework\web\CController.php(265): CController->runActionWithFilters(Object(CInlineAction), Array)
#11 C:\xampp\htdocs\yii\framework\web\CWebApplication.php(282): CController->run('login')
#12 C:\xampp\htdocs\yii\framework\web\CWebApplication.php(141): CWebApplication->runController('site/login')
#13 C:\xampp\htdocs\yii\framework\base\CApplication.php(180): CWebApplication->processRequest()
#14 C:\xampp\htdocs\my\index.php(13): CApplication->run()
#15 {main}
REQUEST_URI=/my/index.php?r=site/login
HTTP_REFERER=http://localhost/my/index.php?r=site/login
---
2014/11/30 10:44:40 [error] [php] Undefined variable: identity (C:\xampp\htdocs\my\protected\models\LoginForm.php:56)
Stack trace:
#0 C:\xampp\htdocs\yii\framework\base\CModel.php(159): CInlineValidator->validate()
#1 C:\xampp\htdocs\my\protected\controllers\SiteController.php(94): LoginForm->validate()
#2 C:\xampp\htdocs\yii\framework\web\actions\CInlineAction.php(49): SiteController->actionLogin()
#3 C:\xampp\htdocs\yii\framework\web\CController.php(308): CInlineAction->runWithParams()
#4 C:\xampp\htdocs\yii\framework\web\CController.php(286): SiteController->runAction()
#5 C:\xampp\htdocs\yii\framework\web\CController.php(265): SiteController->runActionWithFilters()
#6 C:\xampp\htdocs\yii\framework\web\CWebApplication.php(282): SiteController->run()
#7 C:\xampp\htdocs\yii\framework\web\CWebApplication.php(141): CWebApplication->runController()
#8 C:\xampp\htdocs\yii\framework\base\CApplication.php(180): CWebApplication->processRequest()
#9 C:\xampp\htdocs\my\index.php(13): CWebApplication->run()
REQUEST_URI=/my/index.php?r=site/login
in C:\xampp\htdocs\my\protected\models\LoginForm.php (56)
in C:\xampp\htdocs\my\protected\controllers\SiteController.php (94)
in C:\xampp\htdocs\my\index.php (13)
2014/11/30 11:08:17 [error] [php] include(User.php): failed to open stream: No such file or directory (C:\xampp\htdocs\yii\framework\YiiBase.php:427)
Stack trace:
#0 C:\xampp\htdocs\my\protected\components\UserIdentity.php(21): spl_autoload_call()
#1 C:\xampp\htdocs\my\protected\models\LoginForm.php(54): UserIdentity->authenticate()
#2 C:\xampp\htdocs\yii\framework\validators\CInlineValidator.php(42): LoginForm->authenticate()
#3 C:\xampp\htdocs\yii\framework\validators\CValidator.php(213): CInlineValidator->validateAttribute()
#4 C:\xampp\htdocs\yii\framework\base\CModel.php(159): CInlineValidator->validate()
#5 C:\xampp\htdocs\my\protected\controllers\SiteController.php(94): LoginForm->validate()
#6 C:\xampp\htdocs\yii\framework\web\actions\CInlineAction.php(49): SiteController->actionLogin()
#7 C:\xampp\htdocs\yii\framework\web\CController.php(308): CInlineAction->runWithParams()
#8 C:\xampp\htdocs\yii\framework\web\CController.php(286): SiteController->runAction()
#9 C:\xampp\htdocs\yii\framework\web\CController.php(265): SiteController->runActionWithFilters()
#10 C:\xampp\htdocs\yii\framework\web\CWebApplication.php(282): SiteController->run()
#11 C:\xampp\htdocs\yii\framework\web\CWebApplication.php(141): CWebApplication->runController()
#12 C:\xampp\htdocs\yii\framework\base\CApplication.php(180): CWebApplication->processRequest()
#13 C:\xampp\htdocs\my\index.php(13): CWebApplication->run()
REQUEST_URI=/my/index.php?r=site/login
in C:\xampp\htdocs\my\protected\components\UserIdentity.php (21)
in C:\xampp\htdocs\my\protected\models\LoginForm.php (54)
in C:\xampp\htdocs\my\protected\controllers\SiteController.php (94)
2014/11/30 12:15:39 [error] [php] Undefined variable: identity (C:\xampp\htdocs\my\protected\models\LoginForm.php:56)
Stack trace:
#0 C:\xampp\htdocs\yii\framework\base\CModel.php(159): CInlineValidator->validate()
#1 C:\xampp\htdocs\my\protected\controllers\SiteController.php(94): LoginForm->validate()
#2 C:\xampp\htdocs\yii\framework\web\actions\CInlineAction.php(49): SiteController->actionLogin()
#3 C:\xampp\htdocs\yii\framework\web\CController.php(308): CInlineAction->runWithParams()
#4 C:\xampp\htdocs\yii\framework\web\CController.php(286): SiteController->runAction()
#5 C:\xampp\htdocs\yii\framework\web\CController.php(265): SiteController->runActionWithFilters()
#6 C:\xampp\htdocs\yii\framework\web\CWebApplication.php(282): SiteController->run()
#7 C:\xampp\htdocs\yii\framework\web\CWebApplication.php(141): CWebApplication->runController()
#8 C:\xampp\htdocs\yii\framework\base\CApplication.php(180): CWebApplication->processRequest()
#9 C:\xampp\htdocs\my\index.php(13): CWebApplication->run()
REQUEST_URI=/my/index.php?r=site/login
in C:\xampp\htdocs\my\protected\models\LoginForm.php (56)
in C:\xampp\htdocs\my\protected\controllers\SiteController.php (94)
in C:\xampp\htdocs\my\index.php (13)
2014/11/30 12:16:26 [error] [exception.CException] exception 'CException' with message 'Property "LoginForm.errorCode" is not defined.' in C:\xampp\htdocs\yii\framework\base\CComponent.php:130
Stack trace:
#0 C:\xampp\htdocs\my\protected\models\LoginForm.php(56): CComponent->__get('errorCode')
#1 C:\xampp\htdocs\yii\framework\validators\CInlineValidator.php(42): LoginForm->authenticate('password', Array)
#2 C:\xampp\htdocs\yii\framework\validators\CValidator.php(213): CInlineValidator->validateAttribute(Object(LoginForm), 'password')
#3 C:\xampp\htdocs\yii\framework\base\CModel.php(159): CValidator->validate(Object(LoginForm), NULL)
#4 C:\xampp\htdocs\my\protected\controllers\SiteController.php(94): CModel->validate()
#5 C:\xampp\htdocs\yii\framework\web\actions\CInlineAction.php(49): SiteController->actionLogin()
#6 C:\xampp\htdocs\yii\framework\web\CController.php(308): CInlineAction->runWithParams(Array)
#7 C:\xampp\htdocs\yii\framework\web\CController.php(286): CController->runAction(Object(CInlineAction))
#8 C:\xampp\htdocs\yii\framework\web\CController.php(265): CController->runActionWithFilters(Object(CInlineAction), Array)
#9 C:\xampp\htdocs\yii\framework\web\CWebApplication.php(282): CController->run('login')
#10 C:\xampp\htdocs\yii\framework\web\CWebApplication.php(141): CWebApplication->runController('site/login')
#11 C:\xampp\htdocs\yii\framework\base\CApplication.php(180): CWebApplication->processRequest()
#12 C:\xampp\htdocs\my\index.php(13): CApplication->run()
#13 {main}
REQUEST_URI=/my/index.php?r=site/login
HTTP_REFERER=http://localhost/my/index.php?r=site/login
---
2014/11/30 12:23:00 [error] [exception.CException] exception 'CException' with message 'Property "CDbCriteria.password" is not defined.' in C:\xampp\htdocs\yii\framework\base\CComponent.php:173
Stack trace:
#0 C:\xampp\htdocs\yii\framework\db\schema\CDbCriteria.php(160): CComponent->__set('password', 'tanto')
#1 C:\xampp\htdocs\yii\framework\db\schema\CDbCommandBuilder.php(585): CDbCriteria->__construct(Array)
#2 C:\xampp\htdocs\yii\framework\db\schema\CDbCommandBuilder.php(661): CDbCommandBuilder->createCriteria(Array, Array)
#3 C:\xampp\htdocs\yii\framework\db\ar\CActiveRecord.php(1518): CDbCommandBuilder->createColumnCriteria(Object(CMysqlTableSchema), Array, Array, Array, '`t`.')
#4 C:\xampp\htdocs\my\protected\components\UserIdentity.php(21): CActiveRecord->findByAttributes(Array, Array)
#5 C:\xampp\htdocs\my\protected\models\LoginForm.php(54): UserIdentity->authenticate()
#6 C:\xampp\htdocs\yii\framework\validators\CInlineValidator.php(42): LoginForm->authenticate('password', Array)
#7 C:\xampp\htdocs\yii\framework\validators\CValidator.php(213): CInlineValidator->validateAttribute(Object(LoginForm), 'password')
#8 C:\xampp\htdocs\yii\framework\base\CModel.php(159): CValidator->validate(Object(LoginForm), NULL)
#9 C:\xampp\htdocs\my\protected\controllers\SiteController.php(94): CModel->validate()
#10 C:\xampp\htdocs\yii\framework\web\actions\CInlineAction.php(49): SiteController->actionLogin()
#11 C:\xampp\htdocs\yii\framework\web\CController.php(308): CInlineAction->runWithParams(Array)
#12 C:\xampp\htdocs\yii\framework\web\CController.php(286): CController->runAction(Object(CInlineAction))
#13 C:\xampp\htdocs\yii\framework\web\CController.php(265): CController->runActionWithFilters(Object(CInlineAction), Array)
#14 C:\xampp\htdocs\yii\framework\web\CWebApplication.php(282): CController->run('login')
#15 C:\xampp\htdocs\yii\framework\web\CWebApplication.php(141): CWebApplication->runController('site/login')
#16 C:\xampp\htdocs\yii\framework\base\CApplication.php(180): CWebApplication->processRequest()
#17 C:\xampp\htdocs\my\index.php(13): CApplication->run()
#18 {main}
REQUEST_URI=/my/index.php?r=site/login
HTTP_REFERER=http://localhost/my/index.php?r=site/login
---
2014/11/30 12:47:14 [error] [php] Undefined variable: _identity (C:\xampp\htdocs\my\protected\models\LoginForm.php:54)
Stack trace:
#0 C:\xampp\htdocs\yii\framework\base\CModel.php(159): CInlineValidator->validate()
#1 C:\xampp\htdocs\my\protected\controllers\SiteController.php(94): LoginForm->validate()
#2 C:\xampp\htdocs\yii\framework\web\actions\CInlineAction.php(49): SiteController->actionLogin()
#3 C:\xampp\htdocs\yii\framework\web\CController.php(308): CInlineAction->runWithParams()
#4 C:\xampp\htdocs\yii\framework\web\CController.php(286): SiteController->runAction()
#5 C:\xampp\htdocs\yii\framework\web\CController.php(265): SiteController->runActionWithFilters()
#6 C:\xampp\htdocs\yii\framework\web\CWebApplication.php(282): SiteController->run()
#7 C:\xampp\htdocs\yii\framework\web\CWebApplication.php(141): CWebApplication->runController()
#8 C:\xampp\htdocs\yii\framework\base\CApplication.php(180): CWebApplication->processRequest()
#9 C:\xampp\htdocs\my\index.php(13): CWebApplication->run()
REQUEST_URI=/my/index.php?r=site/login
in C:\xampp\htdocs\my\protected\models\LoginForm.php (54)
in C:\xampp\htdocs\my\protected\controllers\SiteController.php (94)
in C:\xampp\htdocs\my\index.php (13)
2014/11/30 12:48:02 [error] [exception.CException] exception 'CException' with message 'Property "LoginForm.identity" is not defined.' in C:\xampp\htdocs\yii\framework\base\CComponent.php:130
Stack trace:
#0 C:\xampp\htdocs\my\protected\models\LoginForm.php(54): CComponent->__get('identity')
#1 C:\xampp\htdocs\yii\framework\validators\CInlineValidator.php(42): LoginForm->authenticate('password', Array)
#2 C:\xampp\htdocs\yii\framework\validators\CValidator.php(213): CInlineValidator->validateAttribute(Object(LoginForm), 'password')
#3 C:\xampp\htdocs\yii\framework\base\CModel.php(159): CValidator->validate(Object(LoginForm), NULL)
#4 C:\xampp\htdocs\my\protected\controllers\SiteController.php(94): CModel->validate()
#5 C:\xampp\htdocs\yii\framework\web\actions\CInlineAction.php(49): SiteController->actionLogin()
#6 C:\xampp\htdocs\yii\framework\web\CController.php(308): CInlineAction->runWithParams(Array)
#7 C:\xampp\htdocs\yii\framework\web\CController.php(286): CController->runAction(Object(CInlineAction))
#8 C:\xampp\htdocs\yii\framework\web\CController.php(265): CController->runActionWithFilters(Object(CInlineAction), Array)
#9 C:\xampp\htdocs\yii\framework\web\CWebApplication.php(282): CController->run('login')
#10 C:\xampp\htdocs\yii\framework\web\CWebApplication.php(141): CWebApplication->runController('site/login')
#11 C:\xampp\htdocs\yii\framework\base\CApplication.php(180): CWebApplication->processRequest()
#12 C:\xampp\htdocs\my\index.php(13): CApplication->run()
#13 {main}
REQUEST_URI=/my/index.php?r=site/login
HTTP_REFERER=http://localhost/my/index.php?r=site/login
---
2014/11/30 12:48:18 [error] [exception.CException] exception 'CException' with message 'Property "LoginForm.identity" is not defined.' in C:\xampp\htdocs\yii\framework\base\CComponent.php:130
Stack trace:
#0 C:\xampp\htdocs\my\protected\models\LoginForm.php(54): CComponent->__get('identity')
#1 C:\xampp\htdocs\yii\framework\validators\CInlineValidator.php(42): LoginForm->authenticate('password', Array)
#2 C:\xampp\htdocs\yii\framework\validators\CValidator.php(213): CInlineValidator->validateAttribute(Object(LoginForm), 'password')
#3 C:\xampp\htdocs\yii\framework\base\CModel.php(159): CValidator->validate(Object(LoginForm), NULL)
#4 C:\xampp\htdocs\my\protected\controllers\SiteController.php(94): CModel->validate()
#5 C:\xampp\htdocs\yii\framework\web\actions\CInlineAction.php(49): SiteController->actionLogin()
#6 C:\xampp\htdocs\yii\framework\web\CController.php(308): CInlineAction->runWithParams(Array)
#7 C:\xampp\htdocs\yii\framework\web\CController.php(286): CController->runAction(Object(CInlineAction))
#8 C:\xampp\htdocs\yii\framework\web\CController.php(265): CController->runActionWithFilters(Object(CInlineAction), Array)
#9 C:\xampp\htdocs\yii\framework\web\CWebApplication.php(282): CController->run('login')
#10 C:\xampp\htdocs\yii\framework\web\CWebApplication.php(141): CWebApplication->runController('site/login')
#11 C:\xampp\htdocs\yii\framework\base\CApplication.php(180): CWebApplication->processRequest()
#12 C:\xampp\htdocs\my\index.php(13): CApplication->run()
#13 {main}
REQUEST_URI=/my/index.php?r=site/login
HTTP_REFERER=http://localhost/my/index.php?r=site/login
---
2014/11/30 13:32:01 [error] [exception.CException] exception 'CException' with message 'Property "LoginForm.rememberMe" is not defined.' in C:\xampp\htdocs\yii\framework\base\CComponent.php:130
Stack trace:
#0 C:\xampp\htdocs\my\protected\models\LoginForm.php(97): CComponent->__get('rememberMe')
#1 C:\xampp\htdocs\my\protected\controllers\SiteController.php(94): LoginForm->login()
#2 C:\xampp\htdocs\yii\framework\web\actions\CInlineAction.php(49): SiteController->actionLogin()
#3 C:\xampp\htdocs\yii\framework\web\CController.php(308): CInlineAction->runWithParams(Array)
#4 C:\xampp\htdocs\yii\framework\web\CController.php(286): CController->runAction(Object(CInlineAction))
#5 C:\xampp\htdocs\yii\framework\web\CController.php(265): CController->runActionWithFilters(Object(CInlineAction), Array)
#6 C:\xampp\htdocs\yii\framework\web\CWebApplication.php(282): CController->run('login')
#7 C:\xampp\htdocs\yii\framework\web\CWebApplication.php(141): CWebApplication->runController('site/login')
#8 C:\xampp\htdocs\yii\framework\base\CApplication.php(180): CWebApplication->processRequest()
#9 C:\xampp\htdocs\my\index.php(13): CApplication->run()
#10 {main}
REQUEST_URI=/my/index.php?r=site/login
HTTP_REFERER=http://localhost/my/index.php?r=site/login
---
